<?xml version="1.0" encoding="UTF-8"?>
<!-- Generated by org.testng.reporters.JUnitReportReporter -->
<testsuite hostname="NX00441" failures="0" tests="6" name="nextbridge.pk_VisualValidation_MainCode.mainPage" time="57.499" errors="0" timestamp="6 Mar 2020 12:00:34 GMT">
  <testcase classname="nextbridge.pk_VisualValidation_MainCode.mainPage" name="mainPageOpening" time="4.992"/>
  <testcase classname="nextbridge.pk_VisualValidation_MainCode.mainPage" name="mainPageScreen" time="5.110"/>
  <testcase classname="nextbridge.pk_VisualValidation_MainCode.mainPage" name="aboutClick" time="12.416"/>
  <testcase classname="nextbridge.pk_VisualValidation_MainCode.mainPage" name="servicesclick" time="11.010"/>
  <testcase classname="nextbridge.pk_VisualValidation_MainCode.mainPage" name="technologiesclick" time="11.218"/>
  <testcase classname="nextbridge.pk_VisualValidation_MainCode.mainPage" name="contactClick" time="12.753"/>
</testsuite> <!-- nextbridge.pk_VisualValidation_MainCode.mainPage -->
