<?xml version="1.0" encoding="UTF-8"?>
<!-- Generated by org.testng.reporters.JUnitReportReporter -->
<testsuite hostname="NX00441" failures="0" tests="4" name="nextbridge.pk_VisualValidation_MainCode.mainPage" time="122.315" errors="0" timestamp="6 Mar 2020 12:10:48 GMT">
  <testcase classname="nextbridge.pk_VisualValidation_MainCode.mainPage" name="careersClick" time="12.913"/>
  <testcase classname="nextbridge.pk_VisualValidation_MainCode.mainPage" name="roboticsWorkClick" time="11.498"/>
  <testcase classname="nextbridge.pk_VisualValidation_MainCode.mainPage" name="socialActivitiesClick" time="88.705"/>
  <testcase classname="nextbridge.pk_VisualValidation_MainCode.mainPage" name="mainPageOpening" time="9.199"/>
</testsuite> <!-- nextbridge.pk_VisualValidation_MainCode.mainPage -->
